# JRE version: Java(TM) SE Runtime Environment (8.0_191-b12) (build 1.8.0_191-b12)
# Java VM: Java HotSpot(TM) 64-Bit Server VM (25.191-b12 mixed mode linux-amd64 compressed oops)
Heap:
 par new generation   total 1261568K, used 887527K [0x0000000748800000, 0x000000079c800000, 0x000000079c800000)
  eden space 1146880K,  77% used [0x0000000748800000, 0x000000077eaa0f08, 0x000000078e800000)
  from space 114688K,   0% used [0x0000000795800000, 0x0000000795818e10, 0x000000079c800000)
  to   space 114688K,   0% used [0x000000078e800000, 0x000000078e800000, 0x0000000795800000)
 concurrent mark-sweep generation total 1376256K, used 27325K [0x000000079c800000, 0x00000007f0800000, 0x00000007f0800000)
 Metaspace       used 38967K, capacity 39730K, committed 39936K, reserved 1085440K
  class space    used 4281K, capacity 4496K, committed 4608K, reserved 1048576K
GC Heap History (10 events):
Event: 456.262 GC heap before
{Heap before GC invocations=398 (full 0):
 par new generation   total 1261568K, used 1146940K [0x0000000748800000, 0x000000079c800000, 0x000000079c800000)
  eden space 1146880K, 100% used [0x0000000748800000, 0x000000078e800000, 0x000000078e800000)
  from space 114688K,   0% used [0x000000078e800000, 0x000000078e80f3e8, 0x0000000795800000)
  to   space 114688K,   0% used [0x0000000795800000, 0x0000000795800000, 0x000000079c800000)
 concurrent mark-sweep generation total 1376256K, used 27325K [0x000000079c800000, 0x00000007f0800000, 0x00000007f0800000)
 Metaspace       used 38943K, capacity 39666K, committed 39936K, reserved 1085440K
  class space    used 4280K, capacity 4496K, committed 4608K, reserved 1048576K
Event: 456.274 GC heap after
Heap after GC invocations=399 (full 0):
 par new generation   total 1261568K, used 38K [0x0000000748800000, 0x000000079c800000, 0x000000079c800000)
  eden space 1146880K,   0% used [0x0000000748800000, 0x0000000748800000, 0x000000078e800000)
  from space 114688K,   0% used [0x0000000795800000, 0x0000000795809a60, 0x000000079c800000)
  to   space 114688K,   0% used [0x000000078e800000, 0x000000078e800000, 0x0000000795800000)
 concurrent mark-sweep generation total 1376256K, used 27325K [0x000000079c800000, 0x00000007f0800000, 0x00000007f0800000)
 Metaspace       used 38943K, capacity 39666K, committed 39936K, reserved 1085440K
  class space    used 4280K, capacity 4496K, committed 4608K, reserved 1048576K
}
Event: 467.352 GC heap before
{Heap before GC invocations=399 (full 0):
 par new generation   total 1261568K, used 1146918K [0x0000000748800000, 0x000000079c800000, 0x000000079c800000)
  eden space 1146880K, 100% used [0x0000000748800000, 0x000000078e800000, 0x000000078e800000)
  from space 114688K,   0% used [0x0000000795800000, 0x0000000795809a60, 0x000000079c800000)
  to   space 114688K,   0% used [0x000000078e800000, 0x000000078e800000, 0x0000000795800000)
 concurrent mark-sweep generation total 1376256K, used 27325K [0x000000079c800000, 0x00000007f0800000, 0x00000007f0800000)
 Metaspace       used 38943K, capacity 39666K, committed 39936K, reserved 1085440K
  class space    used 4280K, capacity 4496K, committed 4608K, reserved 1048576K
Event: 467.443 GC heap after
Heap after GC invocations=400 (full 0):
 par new generation   total 1261568K, used 54K [0x0000000748800000, 0x000000079c800000, 0x000000079c800000)
  eden space 1146880K,   0% used [0x0000000748800000, 0x0000000748800000, 0x000000078e800000)
  from space 114688K,   0% used [0x000000078e800000, 0x000000078e80d9c0, 0x0000000795800000)
  to   space 114688K,   0% used [0x0000000795800000, 0x0000000795800000, 0x000000079c800000)
 concurrent mark-sweep generation total 1376256K, used 27325K [0x000000079c800000, 0x00000007f0800000, 0x00000007f0800000)
 Metaspace       used 38943K, capacity 39666K, committed 39936K, reserved 1085440K
  class space    used 4280K, capacity 4496K, committed 4608K, reserved 1048576K
}
Event: 467.815 GC heap before
{Heap before GC invocations=400 (full 0):
 par new generation   total 1261568K, used 1146934K [0x0000000748800000, 0x000000079c800000, 0x000000079c800000)
  eden space 1146880K, 100% used [0x0000000748800000, 0x000000078e800000, 0x000000078e800000)
  from space 114688K,   0% used [0x000000078e800000, 0x000000078e80d9c0, 0x0000000795800000)
  to   space 114688K,   0% used [0x0000000795800000, 0x0000000795800000, 0x000000079c800000)
 concurrent mark-sweep generation total 1376256K, used 27325K [0x000000079c800000, 0x00000007f0800000, 0x00000007f0800000)
 Metaspace       used 38943K, capacity 39666K, committed 39936K, reserved 1085440K
  class space    used 4280K, capacity 4496K, committed 4608K, reserved 1048576K
Event: 467.824 GC heap after
Heap after GC invocations=401 (full 0):
 par new generation   total 1261568K, used 85K [0x0000000748800000, 0x000000079c800000, 0x000000079c800000)
  eden space 1146880K,   0% used [0x0000000748800000, 0x0000000748800000, 0x000000078e800000)
  from space 114688K,   0% used [0x0000000795800000, 0x0000000795815408, 0x000000079c800000)
  to   space 114688K,   0% used [0x000000078e800000, 0x000000078e800000, 0x0000000795800000)
 concurrent mark-sweep generation total 1376256K, used 27325K [0x000000079c800000, 0x00000007f0800000, 0x00000007f0800000)
 Metaspace       used 38943K, capacity 39666K, committed 39936K, reserved 1085440K
  class space    used 4280K, capacity 4496K, committed 4608K, reserved 1048576K
}
Event: 468.362 GC heap before
{Heap before GC invocations=401 (full 0):
 par new generation   total 1261568K, used 1146965K [0x0000000748800000, 0x000000079c800000, 0x000000079c800000)
  eden space 1146880K, 100% used [0x0000000748800000, 0x000000078e800000, 0x000000078e800000)
  from space 114688K,   0% used [0x0000000795800000, 0x0000000795815408, 0x000000079c800000)
  to   space 114688K,   0% used [0x000000078e800000, 0x000000078e800000, 0x0000000795800000)
 concurrent mark-sweep generation total 1376256K, used 27325K [0x000000079c800000, 0x00000007f0800000, 0x00000007f0800000)
 Metaspace       used 38943K, capacity 39666K, committed 39936K, reserved 1085440K
  class space    used 4280K, capacity 4496K, committed 4608K, reserved 1048576K
Event: 468.381 GC heap after
Heap after GC invocations=402 (full 0):
 par new generation   total 1261568K, used 118K [0x0000000748800000, 0x000000079c800000, 0x000000079c800000)
  eden space 1146880K,   0% used [0x0000000748800000, 0x0000000748800000, 0x000000078e800000)
  from space 114688K,   0% used [0x000000078e800000, 0x000000078e81d9a0, 0x0000000795800000)
  to   space 114688K,   0% used [0x0000000795800000, 0x0000000795800000, 0x000000079c800000)
 concurrent mark-sweep generation total 1376256K, used 27325K [0x000000079c800000, 0x00000007f0800000, 0x00000007f0800000)
 Metaspace       used 38943K, capacity 39666K, committed 39936K, reserved 1085440K
  class space    used 4280K, capacity 4496K, committed 4608K, reserved 1048576K
}
Event: 478.564 GC heap before
{Heap before GC invocations=402 (full 0):
 par new generation   total 1261568K, used 1146998K [0x0000000748800000, 0x000000079c800000, 0x000000079c800000)
  eden space 1146880K, 100% used [0x0000000748800000, 0x000000078e800000, 0x000000078e800000)
  from space 114688K,   0% used [0x000000078e800000, 0x000000078e81d9a0, 0x0000000795800000)
  to   space 114688K,   0% used [0x0000000795800000, 0x0000000795800000, 0x000000079c800000)
 concurrent mark-sweep generation total 1376256K, used 27325K [0x000000079c800000, 0x00000007f0800000, 0x00000007f0800000)
 Metaspace       used 38943K, capacity 39666K, committed 39936K, reserved 1085440K
  class space    used 4280K, capacity 4496K, committed 4608K, reserved 1048576K
Event: 478.708 GC heap after
Heap after GC invocations=403 (full 0):
 par new generation   total 1261568K, used 99K [0x0000000748800000, 0x000000079c800000, 0x000000079c800000)
  eden space 1146880K,   0% used [0x0000000748800000, 0x0000000748800000, 0x000000078e800000)
  from space 114688K,   0% used [0x0000000795800000, 0x0000000795818e10, 0x000000079c800000)
  to   space 114688K,   0% used [0x000000078e800000, 0x000000078e800000, 0x0000000795800000)
 concurrent mark-sweep generation total 1376256K, used 27325K [0x000000079c800000, 0x00000007f0800000, 0x00000007f0800000)
 Metaspace       used 38943K, capacity 39666K, committed 39936K, reserved 1085440K
  class space    used 4280K, capacity 4496K, committed 4608K, reserved 1048576K
}

